<?xml version="1.0" encoding="UTF-8"?>
<!-- Generated by org.testng.reporters.JUnitReportReporter -->
<testsuite skipped="0" hostname="praveena-PC" name="browser_Launch.TestNG_browser" tests="2" failures="0" timestamp="13 Sep 2019 09:47:05 GMT" time="23.795" errors="0">
  <testcase name="Test_bro1" time="17.951" classname="browser_Launch.TestNG_browser"/>
  <testcase name="Test_bro2" time="5.844" classname="browser_Launch.TestNG_browser"/>
</testsuite> <!-- browser_Launch.TestNG_browser -->
