<?xml version="1.0" encoding="UTF-8"?>
<!-- Generated by org.testng.reporters.JUnitReportReporter -->
<testsuite skipped="0" hostname="praveena-PC" name="browser_Launch.ParallelExe" tests="2" failures="0" timestamp="16 Sep 2019 15:46:01 GMT" time="72.483" errors="0">
  <testcase name="Test_bro2" time="26.561" classname="browser_Launch.ParallelExe"/>
  <testcase name="Test_bro1" time="45.922" classname="browser_Launch.ParallelExe"/>
</testsuite> <!-- browser_Launch.ParallelExe -->
